<?xml version="1.0" encoding="UTF-8"?>
<testsuite name="Windowing.back.HeapSortTest" tests="1" skipped="0" failures="0" errors="0" timestamp="2023-03-23T10:47:53" hostname="nephty-fedora" time="0.018">
  <properties/>
  <testcase name="canSort()" classname="Windowing.back.HeapSortTest" time="0.018"/>
  <system-out><![CDATA[]]></system-out>
  <system-err><![CDATA[]]></system-err>
</testsuite>
