<?xml version="1.0" encoding="UTF-8"?>
<testsuite name="Windowing.back.PrioritySearchTreeTest" tests="7" skipped="0" failures="0" errors="0" timestamp="2023-03-23T10:47:53" hostname="nephty-fedora" time="0.032">
  <properties/>
  <testcase name="canCreatePSTWithPointWithTheSameYCoordinate()" classname="Windowing.back.PrioritySearchTreeTest" time="0.002"/>
  <testcase name="canCreatePST()" classname="Windowing.back.PrioritySearchTreeTest" time="0.002"/>
  <testcase name="canQueryPointsWithXMinInfinite()" classname="Windowing.back.PrioritySearchTreeTest" time="0.019"/>
  <testcase name="canQueryPointsWithYMinInfinite()" classname="Windowing.back.PrioritySearchTreeTest" time="0.001"/>
  <testcase name="canQueryPointsWithXMaxInfinite()" classname="Windowing.back.PrioritySearchTreeTest" time="0.001"/>
  <testcase name="canQueryPointsWithBoundedWindow()" classname="Windowing.back.PrioritySearchTreeTest" time="0.001"/>
  <testcase name="canQueryPointsWithYMaxInfinite()" classname="Windowing.back.PrioritySearchTreeTest" time="0.001"/>
  <system-out><![CDATA[Window created : [-Infinity, 8.0] x [0.0, 8.0]
(-5.0, 15.0).(0.0, 0.0) Result : false
(0.0, 2.0).(0.0, 0.0) Result : true
(2.0, 2.0).(0.0, 0.0) Result : true
(1.0, 5.0).(0.0, 0.0) Result : true
Window created : [-10.0, 5.0] x [-Infinity, 5.00001]
(-5.0, 15.0).(0.0, 0.0) Result : false
(-1.0E-7, 2.0).(0.0, 0.0) Result : true
(2.0, 2.0).(0.0, 0.0) Result : true
(1.0, 5.0).(0.0, 0.0) Result : true
Window created : [0.0, Infinity] x [0.0, 8.0]
(-5.0, 15.0).(0.0, 0.0) Result : false
(-1.0E-7, 2.0).(0.0, 0.0) Result : false
(2.0, 2.0).(0.0, 0.0) Result : true
(1.0, 5.0).(0.0, 0.0) Result : true
Window created : [-5.0, 1.99999999] x [1.99999999, 20.0]
(-5.0, 15.0).(0.0, 0.0) Result : true
(-1.0E-7, 2.0).(0.0, 0.0) Result : true
(2.0, 2.0).(0.0, 0.0) Result : false
(1.0, 5.0).(0.0, 0.0) Result : true
Window created : [-10.0, 5.0] x [5.00001, Infinity]
(-5.0, 15.0).(0.0, 0.0) Result : true
(1.0, 5.0).(0.0, 0.0) Result : false
(10.0, 15.0).(0.0, 0.0) Result : false
]]></system-out>
  <system-err><![CDATA[]]></system-err>
</testsuite>
